[2023-04-12 16:52:16] 2 Items written to MySQL
  中国通信工业协会-热点新闻: 1 Items from written to MySQL
  中国通信工业协会-业界资讯: 1 Items from written to MySQL
[2023-04-12 16:52:33] 52 Items written to MySQL
  通信世界网: 52 Items from written to MySQL
[2023-04-12 16:52:48] 63 Items written to MySQL
  中国通信企业协会: 63 Items from written to MySQL
[2023-04-12 16:52:52] 70 Items written to MySQL
  中国产业经济信息网: 70 Items from written to MySQL
[2023-04-12 16:53:04] 60 Items written to MySQL
  中国信息化: 60 Items from written to MySQL
[2023-04-12 16:53:25] 93 Items written to MySQL
  中国工信产业网: 93 Items from written to MySQL
[2023-04-12 16:53:52] 54 Items written to MySQL
  通信产业网-工业互联网: 5 Items from written to MySQL
  通信产业网-互联网: 10 Items from written to MySQL
  通信产业网-技术: 36 Items from written to MySQL
  通信产业网-物联网: 3 Items from written to MySQL
[2023-04-12 16:54:05] 103 Items written to MySQL
  电子信息产业网-省市新闻: 19 Items from written to MySQL
  电子信息产业网-智能终端: 30 Items from written to MySQL
  电子信息产业网-信息通信: 24 Items from written to MySQL
  电子信息产业网-半导体: 30 Items from written to MySQL
[2023-04-12 16:55:35] 621 Items written to MySQL
  51CTO-区块链: 18 Items from written to MySQL
  51CTO-大数据: 41 Items from written to MySQL
  51CTO-物联网: 112 Items from written to MySQL
  51CTO-人工智能: 450 Items from written to MySQL
[2023-04-12 16:57:20] 225 Items written to MySQL
  C114通信网-人工智能: 149 Items from written to MySQL
  C114通信网-安防: 38 Items from written to MySQL
  C114通信网-物联网: 14 Items from written to MySQL
  C114通信网-云计算: 24 Items from written to MySQL
[2023-04-12 17:14:22] 2 Items written to MySQL
  中国通信工业协会-热点新闻: 1 Items from written to MySQL
  中国通信工业协会-业界资讯: 1 Items from written to MySQL
[2023-04-12 17:14:29] 26 Items written to MySQL
  中国互联网协会: 26 Items from written to MySQL
[2023-04-12 17:14:47] 5 Items written to MySQL
  国家信息中心-数字经济发展: 1 Items from written to MySQL
  国家信息中心-数字治理创新: 2 Items from written to MySQL
  国家信息中心-数字社会应用: 2 Items from written to MySQL
[2023-04-12 17:14:48] 52 Items written to MySQL
  通信世界网: 52 Items from written to MySQL
[2023-04-12 17:14:53] 63 Items written to MySQL
  中国通信企业协会: 63 Items from written to MySQL
[2023-04-12 17:15:00] 70 Items written to MySQL
  中国产业经济信息网: 70 Items from written to MySQL
[2023-04-12 17:15:10] 60 Items written to MySQL
  中国信息化: 60 Items from written to MySQL
[2023-04-12 17:15:26] 93 Items written to MySQL
  中国工信产业网: 93 Items from written to MySQL
[2023-04-12 17:15:47] 54 Items written to MySQL
  通信产业网-物联网: 3 Items from written to MySQL
  通信产业网-技术: 36 Items from written to MySQL
  通信产业网-互联网: 10 Items from written to MySQL
  通信产业网-工业互联网: 5 Items from written to MySQL
[2023-04-12 17:16:01] 103 Items written to MySQL
  电子信息产业网-省市新闻: 19 Items from written to MySQL
  电子信息产业网-智能终端: 30 Items from written to MySQL
  电子信息产业网-信息通信: 24 Items from written to MySQL
  电子信息产业网-半导体: 30 Items from written to MySQL
[2023-04-12 17:17:44] 621 Items written to MySQL
  51CTO-区块链: 18 Items from written to MySQL
  51CTO-大数据: 41 Items from written to MySQL
  51CTO-物联网: 112 Items from written to MySQL
  51CTO-人工智能: 450 Items from written to MySQL
[2023-04-12 17:19:09] 0 Items written to MySQL
[2023-04-12 17:19:17] 0 Items written to MySQL
[2023-04-12 17:19:20] 0 Items written to MySQL
[2023-04-12 17:19:21] 0 Items written to MySQL
[2023-04-12 17:19:22] 0 Items written to MySQL
[2023-04-12 17:19:23] 0 Items written to MySQL
[2023-04-12 17:19:36] 0 Items written to MySQL
[2023-04-12 17:19:43] 0 Items written to MySQL
[2023-04-12 17:19:52] 0 Items written to MySQL
[2023-04-12 17:20:02] 0 Items written to MySQL
[2023-04-12 17:20:08] 0 Items written to MySQL
[2023-04-12 17:20:10] 0 Items written to MySQL
[2023-04-12 17:20:17] 0 Items written to MySQL
[2023-04-12 17:20:25] 0 Items written to MySQL
[2023-04-20 00:11:06] 0 Items written to MySQL
[2023-04-20 00:11:11] 0 Items written to MySQL
[2023-04-20 00:11:11] 0 Items written to MySQL
[2023-04-20 00:11:11] 0 Items written to MySQL
[2023-04-20 00:11:11] 1 Items written to MySQL
  苏州市科学技术局-苏州科技: 1 Items from written to MySQL
[2023-04-20 00:11:12] 0 Items written to MySQL
[2023-04-20 00:11:12] 1 Items written to MySQL
  深圳市工信局-通知公告: 1 Items from written to MySQL
[2023-04-20 00:11:12] 0 Items written to MySQL
[2023-04-20 00:11:12] 2 Items written to MySQL
  广州市科学技术局: 2 Items from written to MySQL
[2023-04-20 00:11:12] 26 Items written to MySQL
  中国工信产业网: 26 Items from written to MySQL
[2023-04-20 00:11:12] 0 Items written to MySQL
[2023-04-20 00:11:13] 0 Items written to MySQL
[2023-04-20 00:11:14] 6 Items written to MySQL
  中国互联网协会: 6 Items from written to MySQL
[2023-04-20 00:11:14] 12 Items written to MySQL
  中国通信企业协会: 12 Items from written to MySQL
[2023-04-20 00:11:18] 0 Items written to MySQL
[2023-04-20 00:11:18] 0 Items written to MySQL
[2023-04-20 00:11:19] 3 Items written to MySQL
  杭州市科学技术局-通知公告: 3 Items from written to MySQL
[2023-04-20 00:11:25] 0 Items written to MySQL
[2023-04-20 00:11:32] 16 Items written to MySQL
  中国信息化: 16 Items from written to MySQL
[2023-04-20 00:11:48] 0 Items written to MySQL
[2023-04-20 00:11:59] 18 Items written to MySQL
  通信世界网: 18 Items from written to MySQL
[2023-04-20 00:12:01] 13 Items written to MySQL
  通信产业网-工业互联网: 1 Items from written to MySQL
  通信产业网-互联网: 3 Items from written to MySQL
  通信产业网-技术: 8 Items from written to MySQL
  通信产业网-物联网: 1 Items from written to MySQL
[2023-04-20 00:12:16] 64 Items written to MySQL
  中国产业经济信息网: 64 Items from written to MySQL
[2023-04-20 00:12:17] 61 Items written to MySQL
  互联网数据咨讯中心-数据行业: 8 Items from written to MySQL
  互联网数据咨讯中心-金融科技: 3 Items from written to MySQL
  互联网数据咨讯中心-战略新兴产业: 50 Items from written to MySQL
[2023-04-20 00:12:20] 2 Items written to MySQL
  国家信息中心-数字治理创新: 1 Items from written to MySQL
  国家信息中心-数字社会应用: 1 Items from written to MySQL
[2023-04-20 00:12:38] 170 Items written to MySQL
  51CTO-大数据: 5 Items from written to MySQL
  51CTO-区块链: 2 Items from written to MySQL
  51CTO-物联网: 35 Items from written to MySQL
  51CTO-人工智能: 128 Items from written to MySQL
[2023-04-20 00:12:38] 58 Items written to MySQL
  国脉电子政务网: 58 Items from written to MySQL
[2023-04-20 00:13:09] 90 Items written to MySQL
  中国智能制造网-行业动态: 30 Items from written to MySQL
  中国智能制造网-企业动态: 54 Items from written to MySQL
  中国智能制造网-政策法规: 6 Items from written to MySQL
[2023-04-20 00:13:10] 29 Items written to MySQL
  电子信息产业网-省市新闻: 2 Items from written to MySQL
  电子信息产业网-半导体: 17 Items from written to MySQL
  电子信息产业网-信息通信: 3 Items from written to MySQL
  电子信息产业网-智能终端: 7 Items from written to MySQL
[2023-04-20 00:13:19] 75 Items written to MySQL
  C114通信网-人工智能: 60 Items from written to MySQL
  C114通信网-云计算: 9 Items from written to MySQL
  C114通信网-物联网: 5 Items from written to MySQL
  C114通信网-安防: 1 Items from written to MySQL
[2023-04-20 00:21:16] 0 Items written to MySQL
[2023-04-20 00:21:17] 0 Items written to MySQL
[2023-04-20 00:21:19] 0 Items written to MySQL
[2023-04-20 00:21:19] 0 Items written to MySQL
[2023-04-20 00:21:20] 3 Items written to MySQL
  上海市经济和信息化委员会-产业动态: 2 Items from written to MySQL
  上海市经济和信息化委员会-新闻发布: 1 Items from written to MySQL
[2023-04-20 00:21:22] 0 Items written to MySQL
[2023-04-20 00:21:22] 0 Items written to MySQL
[2023-04-20 00:21:22] 0 Items written to MySQL
[2023-04-20 00:21:22] 0 Items written to MySQL
[2023-04-20 00:21:22] 0 Items written to MySQL
[2023-04-20 00:21:22] 0 Items written to MySQL
[2023-04-20 00:21:23] 0 Items written to MySQL
[2023-04-20 00:21:23] 0 Items written to MySQL
[2023-04-20 00:21:23] 0 Items written to MySQL
[2023-04-20 00:21:25] 0 Items written to MySQL
[2023-04-20 00:21:26] 0 Items written to MySQL
[2023-04-20 00:21:26] 0 Items written to MySQL
[2023-04-20 00:21:27] 0 Items written to MySQL
[2023-04-20 00:21:27] 0 Items written to MySQL
[2023-04-20 00:21:27] 0 Items written to MySQL
[2023-04-20 00:21:41] 0 Items written to MySQL
[2023-04-20 00:21:59] 0 Items written to MySQL
[2023-04-20 00:21:59] 0 Items written to MySQL
[2023-04-20 00:21:59] 0 Items written to MySQL
[2023-04-20 00:22:11] 0 Items written to MySQL
[2023-04-20 00:22:11] 0 Items written to MySQL
[2023-04-20 00:22:14] 0 Items written to MySQL
[2023-04-20 00:22:16] 0 Items written to MySQL
[2023-04-20 00:22:28] 0 Items written to MySQL
[2023-04-20 00:23:45] 0 Items written to MySQL
[2023-04-26 14:24:14] 13 Items written to MySQL
  中国通信企业协会: 13 Items from written to MySQL
[2023-04-26 14:24:14] 77 Items written to MySQL
  C114通信网-人工智能: 54 Items from written to MySQL
  C114通信网-云计算: 20 Items from written to MySQL
  C114通信网-物联网: 3 Items from written to MySQL
[2023-04-26 14:24:14] 0 Items written to MySQL
[2023-04-26 14:24:15] 15 Items written to MySQL
  中国信息化: 15 Items from written to MySQL
[2023-04-26 14:24:15] 25 Items written to MySQL
  电子信息产业网-省市新闻: 3 Items from written to MySQL
  电子信息产业网-信息通信: 8 Items from written to MySQL
  电子信息产业网-智能终端: 4 Items from written to MySQL
  电子信息产业网-半导体: 10 Items from written to MySQL
[2023-04-26 14:24:15] 0 Items written to MySQL
[2023-04-26 14:24:16] 0 Items written to MySQL
[2023-04-26 14:24:16] 34 Items written to MySQL
  通信产业网-技术: 30 Items from written to MySQL
  通信产业网-工业互联网: 1 Items from written to MySQL
  通信产业网-互联网: 3 Items from written to MySQL
[2023-04-26 14:24:16] 20 Items written to MySQL
  中国工信产业网: 20 Items from written to MySQL
[2023-04-26 14:24:16] 7 Items written to MySQL
  重庆市大数据应用发展管理局-市局动态: 3 Items from written to MySQL
  重庆市大数据应用发展管理局-新闻报道: 2 Items from written to MySQL
  重庆市大数据应用发展管理局-区县动态: 2 Items from written to MySQL
[2023-04-26 14:24:16] 0 Items written to MySQL
[2023-04-26 14:24:16] 0 Items written to MySQL
[2023-04-26 14:24:16] 0 Items written to MySQL
[2023-04-26 14:24:16] 16 Items written to MySQL
  通信世界网: 16 Items from written to MySQL
[2023-04-26 14:24:17] 0 Items written to MySQL
[2023-04-26 14:24:17] 64 Items written to MySQL
  中国产业经济信息网: 64 Items from written to MySQL
[2023-04-26 14:24:17] 1 Items written to MySQL
  重庆市经济和信息化委员会: 1 Items from written to MySQL
[2023-04-26 14:24:17] 0 Items written to MySQL
[2023-04-26 14:24:17] 0 Items written to MySQL
[2023-04-26 14:24:17] 0 Items written to MySQL
[2023-04-26 14:24:17] 3 Items written to MySQL
  杭州市科学技术局-通知公告: 3 Items from written to MySQL
[2023-04-26 14:24:17] 12 Items written to MySQL
  广州市科学技术局: 12 Items from written to MySQL
[2023-04-26 14:24:17] 0 Items written to MySQL
[2023-04-26 14:24:17] 0 Items written to MySQL
[2023-04-26 14:24:17] 0 Items written to MySQL
[2023-04-26 14:24:18] 11 Items written to MySQL
  上海市经济和信息化委员会-新闻发布: 11 Items from written to MySQL
[2023-04-26 14:24:18] 0 Items written to MySQL
[2023-04-26 14:24:18] 160 Items written to MySQL
  51CTO-人工智能: 124 Items from written to MySQL
  51CTO-大数据: 10 Items from written to MySQL
  51CTO-区块链: 4 Items from written to MySQL
  51CTO-物联网: 22 Items from written to MySQL
[2023-04-26 14:24:18] 8 Items written to MySQL
  苏州市科学技术局-苏州科技: 4 Items from written to MySQL
  苏州市科学技术局-市县动态: 4 Items from written to MySQL
[2023-04-26 14:24:18] 2 Items written to MySQL
  苏州市工信局-公告栏: 2 Items from written to MySQL
[2023-04-26 14:24:19] 0 Items written to MySQL
[2023-04-26 14:24:19] 0 Items written to MySQL
[2023-04-26 14:24:19] 64 Items written to MySQL
  中国智能制造网-政策法规: 8 Items from written to MySQL
  中国智能制造网-企业动态: 34 Items from written to MySQL
  中国智能制造网-行业动态: 22 Items from written to MySQL
[2023-04-26 14:24:21] 80 Items written to MySQL
  国脉电子政务网: 80 Items from written to MySQL
[2023-04-26 14:24:21] 0 Items written to MySQL
[2023-04-26 14:24:33] 58 Items written to MySQL
  互联网数据咨讯中心-数据行业: 13 Items from written to MySQL
  互联网数据咨讯中心-战略新兴产业: 43 Items from written to MySQL
  互联网数据咨讯中心-金融科技: 2 Items from written to MySQL
[2023-04-26 15:05:08] 0 Items written to MySQL
[2023-04-26 15:05:08] 0 Items written to MySQL
[2023-04-26 15:05:08] 8 Items written to MySQL
  深圳市工信局-通知公告: 8 Items from written to MySQL
[2023-04-26 15:05:21] 0 Items written to MySQL
[2023-04-26 15:05:22] 0 Items written to MySQL
[2023-04-26 15:05:22] 0 Items written to MySQL
[2023-04-26 15:05:22] 0 Items written to MySQL
[2023-04-26 15:05:23] 0 Items written to MySQL
[2023-04-26 15:05:23] 0 Items written to MySQL
[2023-04-26 15:05:23] 0 Items written to MySQL
[2023-04-26 15:05:23] 0 Items written to MySQL
[2023-04-26 15:05:23] 10 Items written to MySQL
  武汉市经济和信息化局: 10 Items from written to MySQL
[2023-04-26 15:05:23] 0 Items written to MySQL
[2023-04-26 15:05:23] 0 Items written to MySQL
[2023-04-26 15:05:24] 0 Items written to MySQL
[2023-04-26 15:05:24] 0 Items written to MySQL
[2023-04-26 15:05:38] 0 Items written to MySQL
[2023-04-26 15:05:39] 0 Items written to MySQL
[2023-04-26 15:05:42] 0 Items written to MySQL
[2023-04-26 15:05:55] 1 Items written to MySQL
  中国智能制造网-企业动态: 1 Items from written to MySQL
[2023-04-26 15:05:56] 0 Items written to MySQL
[2023-04-26 15:05:56] 0 Items written to MySQL
[2023-04-26 15:05:56] 1 Items written to MySQL
  互联网数据咨讯中心-数据行业: 1 Items from written to MySQL
[2023-04-26 15:05:59] 0 Items written to MySQL
[2023-04-26 15:06:02] 4 Items written to MySQL
  长沙市科学技术局-园区动态: 1 Items from written to MySQL
  长沙市科学技术局-科技局通知公告: 3 Items from written to MySQL
[2023-04-26 15:06:08] 0 Items written to MySQL
[2023-04-26 15:06:10] 5 Items written to MySQL
  51CTO-人工智能: 2 Items from written to MySQL
  51CTO-物联网: 3 Items from written to MySQL
[2023-04-26 15:06:13] 0 Items written to MySQL
[2023-04-26 15:06:28] 0 Items written to MySQL
[2023-04-26 15:07:49] 0 Items written to MySQL
[2023-04-27 11:39:30] 0 Items written to MySQL
[2023-04-27 11:39:36] 0 Items written to MySQL
[2023-04-27 11:39:36] 9 Items written to MySQL
  中国产业经济信息网: 9 Items from written to MySQL
[2023-04-27 11:39:37] 0 Items written to MySQL
[2023-04-27 11:39:37] 3 Items written to MySQL
  中国工信产业网: 3 Items from written to MySQL
[2023-04-27 11:39:38] 5 Items written to MySQL
  国脉电子政务网: 5 Items from written to MySQL
[2023-04-27 11:39:39] 0 Items written to MySQL
[2023-04-27 11:39:39] 0 Items written to MySQL
[2023-04-27 11:39:39] 0 Items written to MySQL
[2023-04-27 11:39:41] 1 Items written to MySQL
  广州市科学技术局: 1 Items from written to MySQL
[2023-04-27 11:39:42] 0 Items written to MySQL
[2023-04-27 11:39:57] 0 Items written to MySQL
[2023-04-27 11:40:00] 9 Items written to MySQL
  互联网数据咨讯中心-战略新兴产业: 9 Items from written to MySQL
[2023-04-27 11:40:06] 0 Items written to MySQL
[2023-04-27 11:40:11] 6 Items written to MySQL
  中国智能制造网-企业动态: 6 Items from written to MySQL
[2023-04-27 11:40:16] 0 Items written to MySQL
[2023-04-27 11:40:18] 8 Items written to MySQL
  C114通信网-云计算: 3 Items from written to MySQL
  C114通信网-人工智能: 5 Items from written to MySQL
[2023-04-27 11:40:24] 8 Items written to MySQL
  通信产业网-互联网: 2 Items from written to MySQL
  通信产业网-技术: 6 Items from written to MySQL
[2023-04-27 11:40:25] 2 Items written to MySQL
  通信世界网: 2 Items from written to MySQL
[2023-04-27 11:40:32] 0 Items written to MySQL
[2023-04-27 11:42:07] 3 Items written to MySQL
  电子信息产业网-信息通信: 1 Items from written to MySQL
  电子信息产业网-智能终端: 1 Items from written to MySQL
  电子信息产业网-半导体: 1 Items from written to MySQL
[2023-04-27 11:46:41] 0 Items written to MySQL
[2023-04-27 11:46:43] 0 Items written to MySQL
[2023-04-27 11:46:43] 0 Items written to MySQL
[2023-04-27 11:46:44] 0 Items written to MySQL
[2023-04-27 11:46:45] 0 Items written to MySQL
[2023-04-27 11:46:45] 0 Items written to MySQL
[2023-04-27 11:46:45] 0 Items written to MySQL
[2023-04-27 11:46:48] 0 Items written to MySQL
[2023-04-27 11:46:49] 0 Items written to MySQL
[2023-04-27 11:46:50] 0 Items written to MySQL
[2023-04-27 11:46:52] 0 Items written to MySQL
[2023-04-27 11:46:58] 0 Items written to MySQL
[2023-04-27 11:46:59] 0 Items written to MySQL
[2023-04-27 11:47:15] 0 Items written to MySQL
[2023-04-27 11:47:16] 0 Items written to MySQL
[2023-04-27 11:47:20] 0 Items written to MySQL
[2023-04-27 11:47:20] 0 Items written to MySQL
[2023-04-27 11:47:22] 0 Items written to MySQL
[2023-04-27 11:47:26] 0 Items written to MySQL
[2023-04-27 11:47:29] 26 Items written to MySQL
  51CTO-物联网: 2 Items from written to MySQL
  51CTO-人工智能: 21 Items from written to MySQL
  51CTO-大数据: 1 Items from written to MySQL
  51CTO-区块链: 2 Items from written to MySQL
[2023-04-27 11:47:38] 0 Items written to MySQL
[2023-04-27 13:40:15] 0 Items written to MySQL
[2023-04-27 13:40:26] 0 Items written to MySQL
[2023-04-27 13:40:28] 0 Items written to MySQL
[2023-04-27 13:40:28] 0 Items written to MySQL
[2023-04-27 13:40:29] 0 Items written to MySQL
[2023-04-27 13:40:29] 1 Items written to MySQL
  国脉电子政务网: 1 Items from written to MySQL
[2023-04-27 13:40:29] 0 Items written to MySQL
[2023-04-27 13:40:30] 0 Items written to MySQL
[2023-04-27 13:40:30] 0 Items written to MySQL
[2023-04-27 13:40:31] 0 Items written to MySQL
[2023-04-27 13:40:32] 0 Items written to MySQL
[2023-04-27 13:40:43] 0 Items written to MySQL
[2023-04-27 13:40:59] 1 Items written to MySQL
  中国智能制造网-企业动态: 1 Items from written to MySQL
[2023-04-27 13:41:00] 0 Items written to MySQL
[2023-04-27 13:41:03] 2 Items written to MySQL
  互联网数据咨讯中心-战略新兴产业: 2 Items from written to MySQL
[2023-04-27 13:41:11] 0 Items written to MySQL
[2023-04-27 13:41:14] 0 Items written to MySQL
[2023-04-27 13:41:18] 0 Items written to MySQL
[2023-04-27 13:42:54] 0 Items written to MySQL
[2023-04-27 13:57:06] 0 Items written to MySQL
[2023-04-27 13:57:12] 0 Items written to MySQL
[2023-04-27 13:57:12] 0 Items written to MySQL
[2023-04-27 13:57:13] 0 Items written to MySQL
[2023-04-27 13:57:13] 0 Items written to MySQL
[2023-04-27 13:57:13] 1 Items written to MySQL
  国脉电子政务网: 1 Items from written to MySQL
[2023-04-27 13:57:13] 0 Items written to MySQL
[2023-04-27 13:57:13] 0 Items written to MySQL
[2023-04-27 13:57:13] 0 Items written to MySQL
[2023-04-27 13:57:14] 0 Items written to MySQL
[2023-04-27 13:57:16] 0 Items written to MySQL
[2023-04-27 13:57:16] 0 Items written to MySQL
[2023-04-27 13:57:16] 2 Items written to MySQL
  深圳市工信局-通知公告: 2 Items from written to MySQL
[2023-04-27 13:57:19] 0 Items written to MySQL
[2023-04-27 13:57:30] 0 Items written to MySQL
[2023-04-27 13:57:30] 0 Items written to MySQL
[2023-04-27 13:57:32] 0 Items written to MySQL
[2023-04-27 13:57:43] 0 Items written to MySQL
[2023-04-27 13:57:44] 0 Items written to MySQL
[2023-04-27 13:57:45] 0 Items written to MySQL
[2023-04-27 13:57:46] 0 Items written to MySQL
[2023-04-27 13:57:46] 0 Items written to MySQL
[2023-04-27 13:57:48] 0 Items written to MySQL
[2023-04-27 13:57:49] 0 Items written to MySQL
[2023-04-27 13:57:56] 0 Items written to MySQL
[2023-04-27 13:58:02] 6 Items written to MySQL
  51CTO-人工智能: 6 Items from written to MySQL
[2023-04-27 13:58:02] 0 Items written to MySQL
[2023-04-27 13:58:03] 2 Items written to MySQL
  苏州市工信局-公告栏: 2 Items from written to MySQL
[2023-04-27 13:58:04] 0 Items written to MySQL
[2023-04-27 13:59:44] 0 Items written to MySQL
[2023-04-27 14:01:34] 0 Items written to MySQL
[2023-04-27 14:01:36] 0 Items written to MySQL
[2023-04-27 14:01:36] 0 Items written to MySQL
[2023-04-27 14:01:36] 0 Items written to MySQL
[2023-04-27 14:01:36] 0 Items written to MySQL
[2023-04-27 14:01:36] 0 Items written to MySQL
[2023-04-27 14:01:36] 0 Items written to MySQL
[2023-04-27 14:01:36] 0 Items written to MySQL
[2023-04-27 14:01:36] 0 Items written to MySQL
[2023-04-27 14:01:36] 0 Items written to MySQL
[2023-04-27 14:01:38] 0 Items written to MySQL
[2023-04-27 14:01:38] 0 Items written to MySQL
[2023-04-27 14:01:38] 0 Items written to MySQL
[2023-04-27 14:01:51] 0 Items written to MySQL
[2023-04-27 14:01:53] 0 Items written to MySQL
[2023-04-27 14:01:53] 0 Items written to MySQL
[2023-04-27 14:01:55] 0 Items written to MySQL
[2023-04-27 14:02:08] 0 Items written to MySQL
[2023-04-27 14:02:08] 0 Items written to MySQL
[2023-04-27 14:02:08] 0 Items written to MySQL
[2023-04-27 14:02:11] 0 Items written to MySQL
[2023-04-27 14:02:14] 0 Items written to MySQL
[2023-04-27 14:02:16] 0 Items written to MySQL
[2023-04-27 14:02:19] 0 Items written to MySQL
[2023-04-27 14:02:24] 0 Items written to MySQL
[2023-04-27 14:02:24] 0 Items written to MySQL
[2023-04-27 14:02:25] 0 Items written to MySQL
[2023-04-27 14:02:33] 0 Items written to MySQL
[2023-04-27 14:02:40] 0 Items written to MySQL
[2023-04-27 14:02:40] 0 Items written to MySQL
[2023-04-27 14:03:59] 0 Items written to MySQL
[2023-04-27 14:28:22] 0 Items written to MySQL
[2023-04-27 14:28:35] 2 Items written to MySQL
  北京市经济与信息化局: 2 Items from written to MySQL
[2023-04-27 14:28:36] 0 Items written to MySQL
[2023-04-27 14:28:37] 0 Items written to MySQL
[2023-04-27 14:28:37] 0 Items written to MySQL
[2023-04-27 14:28:38] 0 Items written to MySQL
[2023-04-27 14:28:38] 1 Items written to MySQL
  国脉电子政务网: 1 Items from written to MySQL
[2023-04-27 14:28:38] 0 Items written to MySQL
[2023-04-27 14:28:39] 0 Items written to MySQL
[2023-04-27 14:28:39] 0 Items written to MySQL
[2023-04-27 14:28:40] 1 Items written to MySQL
  上海市经济和信息化委员会-新闻发布: 1 Items from written to MySQL
[2023-04-27 14:28:40] 0 Items written to MySQL
[2023-04-27 14:28:40] 0 Items written to MySQL
[2023-04-27 14:28:52] 0 Items written to MySQL
[2023-04-27 14:28:55] 0 Items written to MySQL
[2023-04-27 14:28:56] 0 Items written to MySQL
[2023-04-27 14:28:57] 0 Items written to MySQL
[2023-04-27 14:29:10] 0 Items written to MySQL
[2023-04-27 14:29:11] 0 Items written to MySQL
[2023-04-27 14:29:11] 1 Items written to MySQL
  中国智能制造网-企业动态: 1 Items from written to MySQL
[2023-04-27 14:29:13] 0 Items written to MySQL
[2023-04-27 14:29:14] 0 Items written to MySQL
[2023-04-27 14:29:24] 0 Items written to MySQL
[2023-04-27 14:29:24] 0 Items written to MySQL
[2023-04-27 14:29:26] 0 Items written to MySQL
[2023-04-27 14:29:27] 1 Items written to MySQL
  51CTO-人工智能: 1 Items from written to MySQL
[2023-04-27 14:29:27] 0 Items written to MySQL
[2023-04-27 14:29:29] 0 Items written to MySQL
[2023-04-27 14:29:42] 0 Items written to MySQL
[2023-04-27 14:29:47] 0 Items written to MySQL
[2023-04-27 14:30:59] 0 Items written to MySQL
[2023-04-28 00:07:48] 0 Items written to MySQL
[2023-04-28 00:07:48] 0 Items written to MySQL
[2023-04-28 00:07:49] 0 Items written to MySQL
[2023-04-28 00:07:49] 0 Items written to MySQL
[2023-04-28 00:07:51] 0 Items written to MySQL
[2023-04-28 00:07:53] 0 Items written to MySQL
[2023-04-28 00:07:55] 1 Items written to MySQL
  中国互联网协会: 1 Items from written to MySQL
[2023-04-28 00:07:55] 0 Items written to MySQL
[2023-04-28 00:07:55] 4 Items written to MySQL
  中国通信企业协会: 4 Items from written to MySQL
[2023-04-28 00:07:56] 0 Items written to MySQL
[2023-04-28 00:07:57] 0 Items written to MySQL
[2023-04-28 00:08:03] 1 Items written to MySQL
  上海市经济和信息化委员会-产业动态: 1 Items from written to MySQL
[2023-04-28 00:08:07] 2 Items written to MySQL
  广州市科学技术局: 2 Items from written to MySQL
[2023-04-28 00:08:07] 0 Items written to MySQL
[2023-04-28 00:08:10] 0 Items written to MySQL
[2023-04-28 00:08:11] 0 Items written to MySQL
[2023-04-28 00:08:11] 0 Items written to MySQL
[2023-04-28 00:08:12] 0 Items written to MySQL
[2023-04-28 00:08:12] 0 Items written to MySQL
[2023-04-28 00:08:12] 2 Items written to MySQL
  深圳市工信局-通知公告: 2 Items from written to MySQL
[2023-04-28 00:08:12] 0 Items written to MySQL
[2023-04-28 00:08:25] 2 Items written to MySQL
  中国智能制造网-企业动态: 2 Items from written to MySQL
[2023-04-28 00:08:27] 10 Items written to MySQL
  互联网数据咨讯中心-战略新兴产业: 6 Items from written to MySQL
  互联网数据咨讯中心-数据行业: 4 Items from written to MySQL
[2023-04-28 00:08:41] 1 Items written to MySQL
  通信世界网: 1 Items from written to MySQL
[2023-04-28 00:08:47] 5 Items written to MySQL
  C114通信网-人工智能: 1 Items from written to MySQL
  C114通信网-云计算: 3 Items from written to MySQL
  C114通信网-物联网: 1 Items from written to MySQL
[2023-04-28 00:08:47] 11 Items written to MySQL
  51CTO-大数据: 1 Items from written to MySQL
  51CTO-物联网: 4 Items from written to MySQL
  51CTO-人工智能: 6 Items from written to MySQL
[2023-04-28 00:08:48] 0 Items written to MySQL
[2023-04-28 00:08:48] 3 Items written to MySQL
  通信产业网-技术: 2 Items from written to MySQL
  通信产业网-工业互联网: 1 Items from written to MySQL
[2023-04-28 00:09:02] 0 Items written to MySQL
[2023-04-28 00:09:07] 0 Items written to MySQL
[2023-04-28 00:10:26] 3 Items written to MySQL
  电子信息产业网-智能终端: 2 Items from written to MySQL
  电子信息产业网-信息通信: 1 Items from written to MySQL
[2023-04-28 09:34:59] 0 Items written to MySQL
[2023-04-28 09:34:59] 4 Items written to MySQL
  中国工信产业网: 4 Items from written to MySQL
[2023-04-28 09:35:00] 6 Items written to MySQL
  中国产业经济信息网: 6 Items from written to MySQL
[2023-04-28 09:35:00] 0 Items written to MySQL
[2023-04-28 09:35:01] 0 Items written to MySQL
[2023-04-28 09:35:01] 0 Items written to MySQL
[2023-04-28 09:35:01] 4 Items written to MySQL
  国脉电子政务网: 4 Items from written to MySQL
[2023-04-28 09:35:01] 0 Items written to MySQL
[2023-04-28 09:35:02] 0 Items written to MySQL
[2023-04-28 09:35:05] 0 Items written to MySQL
[2023-04-28 09:35:05] 0 Items written to MySQL
[2023-04-28 09:35:05] 0 Items written to MySQL
[2023-04-28 09:35:18] 0 Items written to MySQL
[2023-04-28 09:35:18] 0 Items written to MySQL
[2023-04-28 09:35:19] 0 Items written to MySQL
[2023-04-28 09:35:22] 2 Items written to MySQL
  武汉市经济和信息化局: 2 Items from written to MySQL
[2023-04-28 09:35:34] 0 Items written to MySQL
[2023-04-28 09:35:34] 3 Items written to MySQL
  中国智能制造网-企业动态: 3 Items from written to MySQL
[2023-04-28 09:35:36] 2 Items written to MySQL
  互联网数据咨讯中心-金融科技: 1 Items from written to MySQL
  互联网数据咨讯中心-战略新兴产业: 1 Items from written to MySQL
[2023-04-28 09:35:36] 0 Items written to MySQL
[2023-04-28 09:35:37] 0 Items written to MySQL
[2023-04-28 09:35:47] 2 Items written to MySQL
  C114通信网-人工智能: 2 Items from written to MySQL
[2023-04-28 09:35:49] 1 Items written to MySQL
  通信世界网: 1 Items from written to MySQL
[2023-04-28 09:35:50] 12 Items written to MySQL
  51CTO-大数据: 2 Items from written to MySQL
  51CTO-人工智能: 10 Items from written to MySQL
[2023-04-28 09:35:52] 0 Items written to MySQL
[2023-04-28 09:35:53] 0 Items written to MySQL
[2023-04-28 09:35:59] 0 Items written to MySQL
[2023-04-28 09:36:05] 0 Items written to MySQL
[2023-04-28 09:36:12] 0 Items written to MySQL
[2023-04-28 09:37:27] 0 Items written to MySQL
[2023-04-28 09:37:57] 0 Items written to MySQL
[2023-04-28 09:37:58] 0 Items written to MySQL
[2023-04-28 09:38:00] 0 Items written to MySQL
[2023-04-28 09:38:00] 0 Items written to MySQL
[2023-04-28 09:38:01] 0 Items written to MySQL
[2023-04-28 09:38:01] 0 Items written to MySQL
[2023-04-28 09:38:01] 0 Items written to MySQL
[2023-04-28 09:38:02] 0 Items written to MySQL
[2023-04-28 09:38:02] 0 Items written to MySQL
[2023-04-28 09:38:03] 0 Items written to MySQL
[2023-04-28 09:38:03] 0 Items written to MySQL
[2023-04-28 09:38:04] 0 Items written to MySQL
[2023-04-28 09:38:04] 0 Items written to MySQL
[2023-04-28 09:38:17] 0 Items written to MySQL
[2023-04-28 09:38:17] 0 Items written to MySQL
[2023-04-28 09:38:19] 0 Items written to MySQL
[2023-04-28 09:38:23] 0 Items written to MySQL
[2023-04-28 09:38:24] 0 Items written to MySQL
[2023-04-28 09:38:35] 0 Items written to MySQL
[2023-04-28 09:38:38] 0 Items written to MySQL
[2023-04-28 09:38:38] 0 Items written to MySQL
[2023-04-28 09:38:50] 0 Items written to MySQL
[2023-04-28 09:38:51] 0 Items written to MySQL
[2023-04-28 09:38:51] 0 Items written to MySQL
[2023-04-28 09:38:51] 0 Items written to MySQL
[2023-04-28 09:38:55] 0 Items written to MySQL
[2023-04-28 09:38:59] 0 Items written to MySQL
[2023-04-28 09:39:01] 0 Items written to MySQL
[2023-04-28 09:39:07] 0 Items written to MySQL
[2023-04-28 09:39:10] 0 Items written to MySQL
[2023-04-28 09:40:31] 0 Items written to MySQL
[2023-04-28 09:41:32] 0 Items written to MySQL
[2023-04-28 09:41:32] 0 Items written to MySQL
[2023-04-28 09:41:32] 0 Items written to MySQL
[2023-04-28 09:41:33] 0 Items written to MySQL
[2023-04-28 09:41:34] 0 Items written to MySQL
[2023-04-28 09:41:34] 0 Items written to MySQL
[2023-04-28 09:41:34] 0 Items written to MySQL
[2023-04-28 09:41:35] 0 Items written to MySQL
[2023-04-28 09:41:35] 0 Items written to MySQL
[2023-04-28 09:41:36] 0 Items written to MySQL
[2023-04-28 09:41:36] 0 Items written to MySQL
[2023-04-28 09:41:36] 0 Items written to MySQL
[2023-04-28 09:41:49] 0 Items written to MySQL
[2023-04-28 09:41:51] 0 Items written to MySQL
[2023-04-28 09:41:54] 0 Items written to MySQL
[2023-04-28 09:41:54] 0 Items written to MySQL
[2023-04-28 09:42:06] 0 Items written to MySQL
[2023-04-28 09:42:06] 0 Items written to MySQL
[2023-04-28 09:42:08] 0 Items written to MySQL
[2023-04-28 09:42:09] 0 Items written to MySQL
[2023-04-28 09:42:09] 0 Items written to MySQL
[2023-04-28 09:42:22] 0 Items written to MySQL
[2023-04-28 09:42:22] 0 Items written to MySQL
[2023-04-28 09:42:23] 0 Items written to MySQL
[2023-04-28 09:42:23] 0 Items written to MySQL
[2023-04-28 09:42:24] 0 Items written to MySQL
[2023-04-28 09:42:33] 0 Items written to MySQL
[2023-04-28 09:42:37] 0 Items written to MySQL
[2023-04-28 09:42:46] 0 Items written to MySQL
[2023-04-28 09:43:58] 0 Items written to MySQL
[2023-05-04 23:18:10] 1 Items written to MySQL
  北京市经济与信息化局: 1 Items from written to MySQL
[2023-05-04 23:18:11] 9 Items written to MySQL
  中国工信产业网: 9 Items from written to MySQL
[2023-05-04 23:18:12] 3 Items written to MySQL
  重庆市经济和信息化委员会: 3 Items from written to MySQL
[2023-05-04 23:18:12] 0 Items written to MySQL
[2023-05-04 23:18:12] 3 Items written to MySQL
  重庆市大数据应用发展管理局-新闻报道: 1 Items from written to MySQL
  重庆市大数据应用发展管理局-区县动态: 1 Items from written to MySQL
  重庆市大数据应用发展管理局-市局动态: 1 Items from written to MySQL
[2023-05-04 23:18:14] 1 Items written to MySQL
  北京市发改委: 1 Items from written to MySQL
[2023-05-04 23:18:16] 2 Items written to MySQL
  中国互联网协会: 2 Items from written to MySQL
[2023-05-04 23:18:17] 5 Items written to MySQL
  中国信息化: 5 Items from written to MySQL
[2023-05-04 23:18:17] 6 Items written to MySQL
  中国通信企业协会: 6 Items from written to MySQL
[2023-05-04 23:18:27] 0 Items written to MySQL
[2023-05-04 23:18:28] 4 Items written to MySQL
  杭州市科学技术局-通知公告: 4 Items from written to MySQL
[2023-05-04 23:18:30] 6 Items written to MySQL
  上海市经济和信息化委员会-新闻发布: 6 Items from written to MySQL
[2023-05-04 23:18:31] 27 Items written to MySQL
  中国产业经济信息网: 27 Items from written to MySQL
[2023-05-04 23:18:32] 1 Items written to MySQL
  苏州市工信局-工作动态: 1 Items from written to MySQL
[2023-05-04 23:18:32] 2 Items written to MySQL
  苏州市科学技术局-苏州科技: 1 Items from written to MySQL
  苏州市科学技术局-市县动态: 1 Items from written to MySQL
[2023-05-04 23:18:33] 0 Items written to MySQL
[2023-05-04 23:18:33] 3 Items written to MySQL
  深圳市科技创新委员会: 3 Items from written to MySQL
[2023-05-04 23:18:33] 15 Items written to MySQL
  国脉电子政务网: 15 Items from written to MySQL
[2023-05-04 23:18:34] 0 Items written to MySQL
[2023-05-04 23:18:34] 6 Items written to MySQL
  深圳市工信局-通知公告: 6 Items from written to MySQL
[2023-05-04 23:18:36] 0 Items written to MySQL
[2023-05-04 23:18:59] 2 Items written to MySQL
  长沙市科学技术局-园区动态: 2 Items from written to MySQL
[2023-05-04 23:19:06] 11 Items written to MySQL
  通信产业网-技术: 8 Items from written to MySQL
  通信产业网-互联网: 3 Items from written to MySQL
[2023-05-04 23:19:06] 34 Items written to MySQL
  中国智能制造网-行业动态: 20 Items from written to MySQL
  中国智能制造网-企业动态: 13 Items from written to MySQL
  中国智能制造网-政策法规: 1 Items from written to MySQL
[2023-05-04 23:19:08] 3 Items written to MySQL
  通信世界网: 3 Items from written to MySQL
[2023-05-04 23:19:23] 0 Items written to MySQL
[2023-05-04 23:19:24] 90 Items written to MySQL
  51CTO-区块链: 2 Items from written to MySQL
  51CTO-物联网: 6 Items from written to MySQL
  51CTO-大数据: 5 Items from written to MySQL
  51CTO-人工智能: 77 Items from written to MySQL
[2023-05-04 23:19:30] 17 Items written to MySQL
  C114通信网-人工智能: 14 Items from written to MySQL
  C114通信网-云计算: 3 Items from written to MySQL
[2023-05-04 23:19:37] 0 Items written to MySQL
[2023-05-04 23:20:46] 5 Items written to MySQL
  电子信息产业网-省市新闻: 1 Items from written to MySQL
  电子信息产业网-智能终端: 2 Items from written to MySQL
  电子信息产业网-信息通信: 2 Items from written to MySQL
[2023-05-25 10:07:05] 2 Items written to MySQL
  北京市发改委: 2 Items from written to MySQL
[2023-05-25 10:07:05] 7 Items written to MySQL
  重庆市大数据应用发展管理局-区县动态: 3 Items from written to MySQL
  重庆市大数据应用发展管理局-新闻报道: 2 Items from written to MySQL
  重庆市大数据应用发展管理局-市局动态: 2 Items from written to MySQL
[2023-05-25 10:07:06] 2 Items written to MySQL
  重庆市科技局: 2 Items from written to MySQL
[2023-05-25 10:07:06] 3 Items written to MySQL
  北京市经济与信息化局: 3 Items from written to MySQL
[2023-05-25 10:07:06] 1 Items written to MySQL
  国家信息中心-数字治理创新: 1 Items from written to MySQL
[2023-05-25 10:07:06] 11 Items written to MySQL
  重庆市经济和信息化委员会: 11 Items from written to MySQL
[2023-05-25 10:07:06] 11 Items written to MySQL
  中国互联网协会: 11 Items from written to MySQL
[2023-05-25 10:07:06] 1 Items written to MySQL
  中国通信工业协会-热点新闻: 1 Items from written to MySQL
[2023-05-25 10:07:06] 81 Items written to MySQL
  电子信息产业网-省市新闻: 6 Items from written to MySQL
  电子信息产业网-半导体: 28 Items from written to MySQL
  电子信息产业网-智能终端: 17 Items from written to MySQL
  电子信息产业网-信息通信: 30 Items from written to MySQL
[2023-05-25 10:07:06] 40 Items written to MySQL
  中国通信企业协会: 40 Items from written to MySQL
[2023-05-25 10:07:07] 70 Items written to MySQL
  中国产业经济信息网: 70 Items from written to MySQL
[2023-05-25 10:07:07] 60 Items written to MySQL
  中国信息化: 60 Items from written to MySQL
[2023-05-25 10:07:07] 16 Items written to MySQL
  通信世界网: 16 Items from written to MySQL
[2023-05-25 10:07:08] 64 Items written to MySQL
  通信产业网-工业互联网: 2 Items from written to MySQL
  通信产业网-技术: 47 Items from written to MySQL
  通信产业网-互联网: 15 Items from written to MySQL
[2023-05-25 10:07:08] 91 Items written to MySQL
  中国工信产业网: 91 Items from written to MySQL
[2023-05-25 10:07:09] 7 Items written to MySQL
  南京市科技局: 7 Items from written to MySQL
[2023-05-25 10:07:09] 16 Items written to MySQL
  广州市科学技术局: 16 Items from written to MySQL
[2023-05-25 10:07:10] 176 Items written to MySQL
  C114通信网-云计算: 23 Items from written to MySQL
  C114通信网-人工智能: 137 Items from written to MySQL
  C114通信网-物联网: 16 Items from written to MySQL
[2023-05-25 10:07:10] 1 Items written to MySQL
  深圳市科技创新委员会: 1 Items from written to MySQL
[2023-05-25 10:07:10] 21 Items written to MySQL
  武汉市经济和信息化局: 21 Items from written to MySQL
[2023-05-25 10:07:10] 31 Items written to MySQL
  上海市经济和信息化委员会-产业动态: 2 Items from written to MySQL
  上海市经济和信息化委员会-新闻发布: 29 Items from written to MySQL
[2023-05-25 10:07:10] 18 Items written to MySQL
  苏州市科学技术局-苏州科技: 9 Items from written to MySQL
  苏州市科学技术局-市县动态: 9 Items from written to MySQL
[2023-05-25 10:07:10] 22 Items written to MySQL
  深圳市工信局-通知公告: 22 Items from written to MySQL
[2023-05-25 10:07:11] 12 Items written to MySQL
  苏州市工信局-工作动态: 6 Items from written to MySQL
  苏州市工信局-公告栏: 6 Items from written to MySQL
[2023-05-25 10:07:12] 598 Items written to MySQL
  51CTO-物联网: 79 Items from written to MySQL
  51CTO-人工智能: 450 Items from written to MySQL
  51CTO-区块链: 20 Items from written to MySQL
  51CTO-大数据: 49 Items from written to MySQL
[2023-05-25 10:07:12] 5 Items written to MySQL
  杭州市科学技术局-通知公告: 5 Items from written to MySQL
[2023-05-25 10:07:13] 0 Items written to MySQL
[2023-05-25 10:07:13] 91 Items written to MySQL
  瞪羚云-高新区动态: 54 Items from written to MySQL
  瞪羚云-独角兽动态: 37 Items from written to MySQL
[2023-05-25 10:07:15] 149 Items written to MySQL
  国脉电子政务网: 149 Items from written to MySQL
[2023-05-25 10:07:20] 239 Items written to MySQL
  中国智能制造网-政策法规: 24 Items from written to MySQL
  中国智能制造网-行业动态: 105 Items from written to MySQL
  中国智能制造网-企业动态: 110 Items from written to MySQL
[2023-05-31 11:22:39] 15 Items written to MySQL
  中国工信产业网: 15 Items from written to MySQL
[2023-05-31 11:22:42] 3 Items written to MySQL
  重庆市经济和信息化委员会: 3 Items from written to MySQL
[2023-05-31 11:22:43] 1 Items written to MySQL
  重庆市科技局: 1 Items from written to MySQL
[2023-05-31 11:22:43] 10 Items written to MySQL
  重庆市大数据应用发展管理局-新闻报道: 3 Items from written to MySQL
  重庆市大数据应用发展管理局-市局动态: 3 Items from written to MySQL
  重庆市大数据应用发展管理局-区县动态: 4 Items from written to MySQL
[2023-05-31 11:22:43] 1 Items written to MySQL
  北京市经济与信息化局: 1 Items from written to MySQL
[2023-05-31 11:22:44] 2 Items written to MySQL
  北京市发改委: 2 Items from written to MySQL
[2023-05-31 11:22:45] 5 Items written to MySQL
  中国互联网协会: 5 Items from written to MySQL
[2023-05-31 11:22:47] 8 Items written to MySQL
  中国通信企业协会: 8 Items from written to MySQL
[2023-05-31 11:23:00] 7 Items written to MySQL
  广州市科学技术局: 7 Items from written to MySQL
[2023-05-31 11:23:02] 3 Items written to MySQL
  上海市经济和信息化委员会-新闻发布: 3 Items from written to MySQL
[2023-05-31 11:23:03] 10 Items written to MySQL
  深圳市工信局-通知公告: 10 Items from written to MySQL
[2023-05-31 11:23:05] 1 Items written to MySQL
  中国通信工业协会-业界资讯: 1 Items from written to MySQL
[2023-05-31 11:23:06] 4 Items written to MySQL
  南京市科技局: 4 Items from written to MySQL
[2023-05-31 11:23:06] 0 Items written to MySQL
[2023-05-31 11:23:07] 5 Items written to MySQL
  苏州市科学技术局-市县动态: 3 Items from written to MySQL
  苏州市科学技术局-苏州科技: 2 Items from written to MySQL
[2023-05-31 11:23:07] 5 Items written to MySQL
  苏州市工信局-公告栏: 2 Items from written to MySQL
  苏州市工信局-工作动态: 3 Items from written to MySQL
[2023-05-31 11:23:18] 1 Items written to MySQL
  武汉市经济和信息化局: 1 Items from written to MySQL
[2023-05-31 11:23:22] 0 Items written to MySQL
[2023-05-31 11:23:25] 26 Items written to MySQL
  中国信息化: 26 Items from written to MySQL
[2023-05-31 11:23:26] 27 Items written to MySQL
  国脉电子政务网: 27 Items from written to MySQL
[2023-05-31 11:23:35] 9 Items written to MySQL
  长沙市科学技术局-园区动态: 3 Items from written to MySQL
  长沙市科学技术局-科技局通知公告: 6 Items from written to MySQL
[2023-05-31 11:23:37] 46 Items written to MySQL
  中国产业经济信息网: 46 Items from written to MySQL
[2023-05-31 11:23:38] 6 Items written to MySQL
  通信世界网: 6 Items from written to MySQL
[2023-05-31 11:23:58] 65 Items written to MySQL
  中国智能制造网-行业动态: 28 Items from written to MySQL
  中国智能制造网-企业动态: 29 Items from written to MySQL
  中国智能制造网-政策法规: 8 Items from written to MySQL
[2023-05-31 11:24:00] 0 Items written to MySQL
[2023-05-31 11:24:00] 17 Items written to MySQL
  通信产业网-物联网: 1 Items from written to MySQL
  通信产业网-工业互联网: 2 Items from written to MySQL
  通信产业网-互联网: 2 Items from written to MySQL
  通信产业网-技术: 12 Items from written to MySQL
[2023-05-31 11:24:30] 46 Items written to MySQL
  C114通信网-云计算: 6 Items from written to MySQL
  C114通信网-人工智能: 36 Items from written to MySQL
  C114通信网-物联网: 4 Items from written to MySQL
[2023-05-31 11:24:40] 188 Items written to MySQL
  51CTO-大数据: 12 Items from written to MySQL
  51CTO-区块链: 3 Items from written to MySQL
  51CTO-物联网: 12 Items from written to MySQL
  51CTO-人工智能: 161 Items from written to MySQL
[2023-05-31 11:25:12] 22 Items written to MySQL
  电子信息产业网-省市新闻: 3 Items from written to MySQL
  电子信息产业网-信息通信: 4 Items from written to MySQL
  电子信息产业网-半导体: 12 Items from written to MySQL
  电子信息产业网-智能终端: 3 Items from written to MySQL
[2023-05-31 11:25:46] 16 Items written to MySQL
  瞪羚云-高新区动态: 16 Items from written to MySQL
[2023-06-01 10:29:58] 9 Items written to MySQL
  中国产业经济信息网: 9 Items from written to MySQL
[2023-06-01 10:29:59] 0 Items written to MySQL
[2023-06-01 10:29:59] 1 Items written to MySQL
  中国工信产业网: 1 Items from written to MySQL
[2023-06-01 10:29:59] 6 Items written to MySQL
  中国互联网协会: 6 Items from written to MySQL
[2023-06-01 10:30:00] 0 Items written to MySQL
[2023-06-01 10:30:00] 6 Items written to MySQL
  国脉电子政务网: 6 Items from written to MySQL
[2023-06-01 10:30:00] 0 Items written to MySQL
[2023-06-01 10:30:00] 0 Items written to MySQL
[2023-06-01 10:30:00] 0 Items written to MySQL
[2023-06-01 10:30:00] 0 Items written to MySQL
[2023-06-01 10:30:02] 8 Items written to MySQL
  上海市经济和信息化委员会-新闻发布: 8 Items from written to MySQL
[2023-06-01 10:30:03] 0 Items written to MySQL
[2023-06-01 10:30:03] 1 Items written to MySQL
  深圳市工信局-通知公告: 1 Items from written to MySQL
[2023-06-01 10:30:05] 0 Items written to MySQL
[2023-06-01 10:30:14] 0 Items written to MySQL
[2023-06-01 10:30:17] 3 Items written to MySQL
  武汉市经济和信息化局: 3 Items from written to MySQL
[2023-06-01 10:30:21] 0 Items written to MySQL
[2023-06-01 10:30:31] 8 Items written to MySQL
  中国智能制造网-政策法规: 2 Items from written to MySQL
  中国智能制造网-行业动态: 2 Items from written to MySQL
  中国智能制造网-企业动态: 4 Items from written to MySQL
[2023-06-01 10:30:32] 0 Items written to MySQL
[2023-06-01 10:30:34] 1 Items written to MySQL
  苏州市科学技术局-市县动态: 1 Items from written to MySQL
[2023-06-01 10:30:35] 0 Items written to MySQL
[2023-06-01 10:30:36] 4 Items written to MySQL
  通信产业网-工业互联网: 1 Items from written to MySQL
  通信产业网-技术: 3 Items from written to MySQL
[2023-06-01 10:30:47] 2 Items written to MySQL
  C114通信网-人工智能: 2 Items from written to MySQL
[2023-06-01 10:30:47] 21 Items written to MySQL
  51CTO-大数据: 1 Items from written to MySQL
  51CTO-人工智能: 15 Items from written to MySQL
  51CTO-物联网: 5 Items from written to MySQL
[2023-06-01 10:30:48] 1 Items written to MySQL
  通信世界网: 1 Items from written to MySQL
[2023-06-01 10:30:50] 0 Items written to MySQL
[2023-06-01 10:30:51] 0 Items written to MySQL
[2023-06-01 10:31:04] 0 Items written to MySQL
[2023-06-01 10:32:22] 4 Items written to MySQL
  电子信息产业网-省市新闻: 2 Items from written to MySQL
  电子信息产业网-半导体: 1 Items from written to MySQL
  电子信息产业网-智能终端: 1 Items from written to MySQL
[2023-06-01 10:32:34] 4 Items written to MySQL
  瞪羚云-高新区动态: 4 Items from written to MySQL
[2023-06-01 10:33:38] 0 Items written to MySQL
[2023-06-01 10:33:50] 0 Items written to MySQL
[2023-06-01 10:33:52] 0 Items written to MySQL
[2023-06-01 10:33:52] 0 Items written to MySQL
[2023-06-01 10:33:52] 0 Items written to MySQL
[2023-06-01 10:33:53] 0 Items written to MySQL
[2023-06-01 10:33:53] 0 Items written to MySQL
[2023-06-01 10:33:53] 0 Items written to MySQL
[2023-06-01 10:33:54] 0 Items written to MySQL
[2023-06-01 10:33:54] 0 Items written to MySQL
[2023-06-01 10:33:54] 0 Items written to MySQL
[2023-06-01 10:33:55] 0 Items written to MySQL
[2023-06-01 10:33:55] 0 Items written to MySQL
[2023-06-01 10:34:03] 1 Items written to MySQL
  广州市科学技术局: 1 Items from written to MySQL
[2023-06-01 10:34:09] 0 Items written to MySQL
[2023-06-01 10:34:10] 0 Items written to MySQL
[2023-06-01 10:34:12] 0 Items written to MySQL
[2023-06-01 10:34:24] 0 Items written to MySQL
[2023-06-01 10:34:25] 0 Items written to MySQL
[2023-06-01 10:34:25] 0 Items written to MySQL
[2023-06-01 10:34:26] 0 Items written to MySQL
[2023-06-01 10:34:27] 0 Items written to MySQL
[2023-06-01 10:34:29] 0 Items written to MySQL
[2023-06-01 10:34:32] 0 Items written to MySQL
[2023-06-01 10:34:37] 0 Items written to MySQL
[2023-06-01 10:34:42] 0 Items written to MySQL
[2023-06-01 10:34:44] 0 Items written to MySQL
[2023-06-01 10:34:57] 0 Items written to MySQL
[2023-06-01 10:35:54] 0 Items written to MySQL
[2023-06-01 10:36:30] 0 Items written to MySQL
[2023-06-01 10:39:20] 0 Items written to MySQL
[2023-06-01 10:39:21] 0 Items written to MySQL
[2023-06-01 10:39:21] 0 Items written to MySQL
[2023-06-01 10:39:21] 0 Items written to MySQL
[2023-06-01 10:39:21] 0 Items written to MySQL
[2023-06-01 10:39:22] 0 Items written to MySQL
[2023-06-01 10:39:22] 0 Items written to MySQL
[2023-06-01 10:39:22] 0 Items written to MySQL
[2023-06-01 10:39:22] 0 Items written to MySQL
[2023-06-01 10:39:23] 0 Items written to MySQL
[2023-06-01 10:39:24] 0 Items written to MySQL
[2023-06-01 10:39:24] 0 Items written to MySQL
[2023-06-01 10:39:38] 0 Items written to MySQL
[2023-06-01 10:39:39] 0 Items written to MySQL
[2023-06-01 10:39:41] 0 Items written to MySQL
[2023-06-01 10:39:41] 0 Items written to MySQL
[2023-06-01 10:39:44] 0 Items written to MySQL
[2023-06-01 10:39:45] 0 Items written to MySQL
[2023-06-01 10:39:54] 0 Items written to MySQL
[2023-06-01 10:39:56] 0 Items written to MySQL
[2023-06-01 10:40:00] 0 Items written to MySQL
[2023-06-01 10:40:01] 0 Items written to MySQL
[2023-06-01 10:40:07] 0 Items written to MySQL
[2023-06-01 10:40:11] 0 Items written to MySQL
[2023-06-01 10:40:11] 0 Items written to MySQL
[2023-06-01 10:40:12] 0 Items written to MySQL
[2023-06-01 10:40:26] 0 Items written to MySQL
[2023-06-01 10:41:39] 0 Items written to MySQL
[2023-06-01 10:41:51] 0 Items written to MySQL
[2023-06-01 10:43:07] 0 Items written to MySQL
[2023-06-01 10:43:07] 2 Items written to MySQL
  中国信息化: 2 Items from written to MySQL
[2023-06-01 10:43:08] 0 Items written to MySQL
[2023-06-01 10:43:08] 0 Items written to MySQL
[2023-06-01 10:43:08] 0 Items written to MySQL
[2023-06-01 10:43:08] 0 Items written to MySQL
[2023-06-01 10:43:08] 0 Items written to MySQL
[2023-06-01 10:43:08] 0 Items written to MySQL
[2023-06-01 10:43:09] 0 Items written to MySQL
[2023-06-01 10:43:10] 0 Items written to MySQL
[2023-06-01 10:43:10] 0 Items written to MySQL
[2023-06-01 10:43:10] 0 Items written to MySQL
[2023-06-01 10:43:25] 0 Items written to MySQL
[2023-06-01 10:43:25] 0 Items written to MySQL
[2023-06-01 10:43:27] 0 Items written to MySQL
[2023-06-01 10:43:27] 0 Items written to MySQL
[2023-06-01 10:43:39] 0 Items written to MySQL
[2023-06-01 10:43:41] 0 Items written to MySQL
[2023-06-01 10:43:41] 0 Items written to MySQL
[2023-06-01 10:43:43] 0 Items written to MySQL
[2023-06-01 10:43:45] 0 Items written to MySQL
[2023-06-01 10:43:56] 0 Items written to MySQL
[2023-06-01 10:43:56] 0 Items written to MySQL
[2023-06-01 10:43:56] 0 Items written to MySQL
[2023-06-01 10:43:56] 0 Items written to MySQL
[2023-06-01 10:43:59] 0 Items written to MySQL
[2023-06-01 10:44:01] 0 Items written to MySQL
[2023-06-01 10:45:08] 0 Items written to MySQL
[2023-06-01 10:45:10] 0 Items written to MySQL
[2023-06-01 10:45:10] 0 Items written to MySQL
[2023-06-01 10:45:11] 0 Items written to MySQL
[2023-06-01 10:45:11] 0 Items written to MySQL
[2023-06-01 10:45:11] 0 Items written to MySQL
[2023-06-01 10:45:11] 0 Items written to MySQL
[2023-06-01 10:45:11] 0 Items written to MySQL
[2023-06-01 10:45:12] 0 Items written to MySQL
[2023-06-01 10:45:12] 0 Items written to MySQL
[2023-06-01 10:45:13] 0 Items written to MySQL
[2023-06-01 10:45:13] 0 Items written to MySQL
[2023-06-01 10:45:14] 0 Items written to MySQL
[2023-06-01 10:45:22] 1 Items written to MySQL
  电子信息产业网-智能终端: 1 Items from written to MySQL
[2023-06-01 10:45:28] 0 Items written to MySQL
[2023-06-01 10:45:28] 0 Items written to MySQL
[2023-06-01 10:45:29] 0 Items written to MySQL
[2023-06-01 10:45:33] 0 Items written to MySQL
[2023-06-01 10:45:43] 0 Items written to MySQL
[2023-06-01 10:45:44] 0 Items written to MySQL
[2023-06-01 10:45:45] 0 Items written to MySQL
[2023-06-01 10:45:45] 0 Items written to MySQL
[2023-06-01 10:45:52] 0 Items written to MySQL
[2023-06-01 10:45:55] 0 Items written to MySQL
[2023-06-01 10:45:56] 0 Items written to MySQL
[2023-06-01 10:45:59] 0 Items written to MySQL
[2023-06-01 10:45:59] 0 Items written to MySQL
[2023-06-01 10:46:00] 0 Items written to MySQL
[2023-06-01 10:46:01] 0 Items written to MySQL
[2023-06-01 10:46:15] 0 Items written to MySQL
[2023-06-01 10:46:16] 0 Items written to MySQL
[2023-06-01 10:47:34] 0 Items written to MySQL
[2023-06-01 10:48:05] 0 Items written to MySQL
[2023-06-01 10:48:06] 0 Items written to MySQL
[2023-06-01 10:48:11] 0 Items written to MySQL
[2023-06-01 10:48:11] 0 Items written to MySQL
[2023-06-01 10:48:11] 0 Items written to MySQL
[2023-06-01 10:48:11] 0 Items written to MySQL
[2023-06-01 10:48:11] 0 Items written to MySQL
[2023-06-01 10:48:12] 0 Items written to MySQL
[2023-06-01 10:48:13] 0 Items written to MySQL
[2023-06-01 10:48:13] 0 Items written to MySQL
[2023-06-01 10:48:14] 0 Items written to MySQL
[2023-06-01 10:48:17] 0 Items written to MySQL
[2023-06-01 10:48:24] 0 Items written to MySQL
[2023-06-01 10:48:27] 0 Items written to MySQL
[2023-06-01 10:48:29] 0 Items written to MySQL
[2023-06-01 10:48:30] 0 Items written to MySQL
[2023-06-01 10:48:41] 0 Items written to MySQL
[2023-06-01 10:48:43] 0 Items written to MySQL
[2023-06-01 10:48:44] 0 Items written to MySQL
[2023-06-01 10:48:46] 0 Items written to MySQL
[2023-06-01 10:48:50] 0 Items written to MySQL
[2023-06-01 10:48:53] 0 Items written to MySQL
[2023-06-01 10:49:00] 0 Items written to MySQL
[2023-06-01 10:49:00] 0 Items written to MySQL
[2023-06-01 10:49:00] 0 Items written to MySQL
[2023-06-01 10:49:02] 0 Items written to MySQL
[2023-06-01 10:49:15] 0 Items written to MySQL
[2023-06-01 10:50:34] 0 Items written to MySQL
[2023-06-01 10:50:49] 0 Items written to MySQL
[2023-06-01 10:51:35] 0 Items written to MySQL
[2023-06-01 10:51:50] 0 Items written to MySQL
[2023-06-01 10:51:50] 0 Items written to MySQL
[2023-06-01 10:51:50] 0 Items written to MySQL
[2023-06-01 10:51:50] 1 Items written to MySQL
  中国产业经济信息网: 1 Items from written to MySQL
[2023-06-01 10:51:50] 0 Items written to MySQL
[2023-06-01 10:51:50] 0 Items written to MySQL
[2023-06-01 10:51:50] 0 Items written to MySQL
[2023-06-01 10:51:50] 0 Items written to MySQL
[2023-06-01 10:51:51] 0 Items written to MySQL
[2023-06-01 10:51:52] 0 Items written to MySQL
[2023-06-01 10:51:52] 0 Items written to MySQL
[2023-06-01 10:51:52] 0 Items written to MySQL
[2023-06-01 10:51:57] 0 Items written to MySQL
[2023-06-01 10:52:07] 0 Items written to MySQL
[2023-06-01 10:52:08] 0 Items written to MySQL
[2023-06-01 10:52:09] 0 Items written to MySQL
[2023-06-01 10:52:21] 1 Items written to MySQL
  长沙市科学技术局-科技局通知公告: 1 Items from written to MySQL
[2023-06-01 10:52:22] 0 Items written to MySQL
[2023-06-01 10:52:22] 0 Items written to MySQL
[2023-06-01 10:52:24] 0 Items written to MySQL
[2023-06-01 10:52:25] 0 Items written to MySQL
[2023-06-01 10:52:34] 0 Items written to MySQL
[2023-06-01 10:52:39] 0 Items written to MySQL
[2023-06-01 10:52:39] 0 Items written to MySQL
[2023-06-01 10:52:39] 0 Items written to MySQL
[2023-06-01 10:52:40] 0 Items written to MySQL
[2023-06-01 10:52:44] 0 Items written to MySQL
[2023-06-01 10:52:50] 0 Items written to MySQL
[2023-06-01 10:54:23] 0 Items written to MySQL
[2025-01-30 17:50:18] 0 Items written to MySQL
[2025-01-30 17:50:18] 0 Items written to MySQL
[2025-01-30 17:50:18] 0 Items written to MySQL
[2025-01-30 17:50:18] 0 Items written to MySQL
[2025-01-30 17:50:18] 10 Items written to MySQL
  中国互联网协会: 10 Items from written to MySQL
[2025-01-30 17:50:19] 0 Items written to MySQL

  通信世界网: 12 Items from written to MySQL
[2025-01-30 17:50:19] 16 Items written to MySQL
  中国信息化: 16 Items from written to MySQL
[2025-01-30 17:50:19] 4 Items written to MySQL
  北京市发改委: 4 Items from written to MySQL
[2025-01-30 17:50:19] 7 Items written to MySQL
  北京市经济与信息化局: 7 Items from written to MySQL
[2025-01-30 17:50:19] 10 Items written to MySQL
  重庆市大数据应用发展管理局-区县动态: 3 Items from written to MySQL
  重庆市大数据应用发展管理局-新闻报道: 7 Items from written to MySQL
[2025-01-30 17:50:20] 0 Items written to MySQL
[2025-01-30 17:50:21] 44 Items written to MySQL
  中国通信企业协会: 44 Items from written to MySQL
[2025-01-30 17:50:21] 70 Items written to MySQL
  中国产业经济信息网: 70 Items from written to MySQL
[2025-01-30 17:50:21] 0 Items written to MySQL
[2025-01-30 17:50:26] 0 Items written to MySQL
[2025-01-30 17:50:27] 8 Items written to MySQL
  广州市科学技术局: 8 Items from written to MySQL
[2025-01-30 17:50:27] 7 Items written to MySQL
  杭州市科学技术局-创新动态: 1 Items from written to MySQL
  杭州市科学技术局-通知公告: 6 Items from written to MySQL
[2025-01-30 17:50:28] 1 Items written to MySQL
  深圳市科技创新委员会: 1 Items from written to MySQL
[2025-01-30 17:50:28] 0 Items written to MySQL
[2025-01-30 17:50:28] 22 Items written to MySQL
  深圳市工信局-通知公告: 12 Items from written to MySQL
  深圳市工信局-工作动态: 10 Items from written to MySQL
[2025-01-30 17:50:28] 24 Items written to MySQL
  苏州市科学技术局-市县动态: 12 Items from written to MySQL
  苏州市科学技术局-苏州科技: 12 Items from written to MySQL
[2025-01-30 17:50:29] 24 Items written to MySQL
  苏州市工信局-苏州工信动态: 8 Items from written to MySQL
  苏州市工信局-工作动态: 7 Items from written to MySQL
  苏州市工信局-公告栏: 9 Items from written to MySQL
[2025-01-30 17:50:29] 0 Items written to MySQL
[2025-01-30 17:50:29] 11 Items written to MySQL
  武汉市经济和信息化局: 11 Items from written to MySQL
[2025-01-30 17:50:29] 21 Items written to MySQL
  上海市经济和信息化委员会-新闻发布: 21 Items from written to MySQL
[2025-01-30 17:50:37] 0 Items written to MySQL
[2025-01-30 17:50:40] 228 Items written to MySQL
  国脉电子政务网: 228 Items from written to MySQL
[2025-01-30 17:53:18] 427 Items written to MySQL
  C114通信网-云计算: 86 Items from written to MySQL
  C114通信网-人工智能: 240 Items from written to MySQL
  C114通信网-物联网: 99 Items from written to MySQL
  C114通信网-安防: 2 Items from written to MySQL
[2025-01-30 17:53:19] 0 Items written to MySQL
