[2023-04-10 13:23:14] 0 Items written to MySQL
[2023-04-10 13:23:41] 0 Items written to MySQL
[2023-04-10 13:59:06] 0 Items written to MySQL
[2023-04-10 14:06:11] 0 Items written to MySQL
[2023-04-10 14:08:03] 0 Items written to MySQL
[2023-04-10 14:14:46] 0 Items written to MySQL
[2023-04-10 14:16:40] 0 Items written to MySQL
[2023-04-10 14:17:21] 0 Items written to MySQL
[2023-04-10 14:19:51] 0 Items written to MySQL
[2023-04-10 14:30:06] 0 Items written to MySQL
[2023-04-10 14:48:13] 0 Items written to MySQL
[2023-04-10 14:49:23] 0 Items written to MySQL
[2023-04-10 14:51:35] 0 Items written to MySQL
[2023-04-10 14:53:21] 0 Items written to MySQL
[2023-04-10 15:04:59] 0 Items written to MySQL
[2023-04-10 15:07:20] 15 Items written to MySQL
  电子信息产业网-智能终端: 15 Items from written to MySQL
[2023-04-10 15:12:01] 70 Items written to MySQL
  中国产业经济信息网: 70 Items from written to MySQL
[2023-04-10 15:15:28] 240 Items written to MySQL
  电子信息产业网-省市新闻: 60 Items from written to MySQL
  电子信息产业网-信息通信: 60 Items from written to MySQL
  电子信息产业网-智能终端: 60 Items from written to MySQL
  电子信息产业网-半导体: 60 Items from written to MySQL
[2023-04-11 10:28:21] 9 Items written to MySQL
  中国产业经济信息网: 9 Items from written to MySQL
[2023-04-11 10:32:37] 4 Items written to MySQL
  电子信息产业网-半导体: 1 Items from written to MySQL
  电子信息产业网-智能终端: 3 Items from written to MySQL
[2023-04-11 10:48:13] 0 Items written to MySQL
[2023-04-11 10:52:30] 0 Items written to MySQL
[2023-04-11 10:57:17] 0 Items written to MySQL
[2023-04-11 11:06:12] 0 Items written to MySQL
[2023-04-11 11:08:57] 0 Items written to MySQL
[2023-04-11 11:10:14] 0 Items written to MySQL
[2023-04-11 11:11:29] 0 Items written to MySQL
[2023-04-11 11:15:56] 0 Items written to MySQL
[2023-04-11 11:23:21] 0 Items written to MySQL
[2023-04-11 11:27:11] 0 Items written to MySQL
[2023-04-11 11:27:56] 0 Items written to MySQL
[2023-04-11 11:28:43] 0 Items written to MySQL
[2023-04-11 11:32:55] 0 Items written to MySQL
[2023-04-11 11:38:55] 4 Items written to MySQL
  通信世界网: 4 Items from written to MySQL
[2023-04-11 11:43:00] 0 Items written to MySQL
[2023-04-11 11:47:08] 4 Items written to MySQL
  通信世界网: 4 Items from written to MySQL
[2023-04-11 11:50:07] 120 Items written to MySQL
  通信世界网: 120 Items from written to MySQL
[2023-04-11 13:14:57] 0 Items written to MySQL
[2023-04-11 13:16:21] 0 Items written to MySQL
[2023-04-11 13:18:35] 0 Items written to MySQL
[2023-04-11 13:25:02] 0 Items written to MySQL
[2023-04-11 13:26:54] 0 Items written to MySQL
[2023-04-11 13:46:32] 0 Items written to MySQL
[2023-04-11 13:48:23] 0 Items written to MySQL
[2023-04-11 13:49:12] 0 Items written to MySQL
[2023-04-11 13:54:27] 0 Items written to MySQL
[2023-04-11 13:57:19] 0 Items written to MySQL
[2023-04-11 13:58:47] 0 Items written to MySQL
[2023-04-11 14:06:24] 0 Items written to MySQL
[2023-04-11 14:12:16] 0 Items written to MySQL
[2023-04-11 14:21:34] 0 Items written to MySQL
[2023-04-11 14:28:12] 7 Items written to MySQL
  通信产业网工业互联网: 7 Items from written to MySQL
[2023-04-11 14:31:53] 62 Items written to MySQL
  通信产业网技术: 62 Items from written to MySQL
[2023-04-11 14:39:07] 35 Items written to MySQL
  通信产业网互联网: 24 Items from written to MySQL
  通信产业网物联网: 11 Items from written to MySQL
[2023-04-11 15:04:38] 0 Items written to MySQL
[2023-04-11 15:34:54] 17 Items written to MySQL
  互联网数据咨讯中心-数据行业: 17 Items from written to MySQL
[2023-04-11 15:45:37] 0 Items written to MySQL
[2023-04-11 15:48:20] 0 Items written to MySQL
[2023-04-11 15:53:53] 0 Items written to MySQL
[2023-04-11 16:02:50] 0 Items written to MySQL
[2023-04-11 16:11:44] 335 Items written to MySQL
  互联网数据咨讯中心-金融科技: 17 Items from written to MySQL
  互联网数据咨讯中心-战略新兴产业: 204 Items from written to MySQL
  互联网数据咨讯中心-数据行业: 114 Items from written to MySQL
[2023-04-11 16:19:49] 0 Items written to MySQL
[2023-04-11 16:22:21] 0 Items written to MySQL
[2023-04-11 16:24:02] 0 Items written to MySQL
[2023-04-11 16:25:28] 0 Items written to MySQL
[2023-04-11 16:40:57] 0 Items written to MySQL
[2023-04-11 16:45:10] 0 Items written to MySQL
[2023-04-11 16:52:39] 0 Items written to MySQL
[2023-04-11 17:11:34] 859 Items written to MySQL
  中国智能制造网-企业动态: 464 Items from written to MySQL
  中国智能制造网-政策法规: 107 Items from written to MySQL
  中国智能制造网-行业动态: 288 Items from written to MySQL
[2023-04-11 17:16:45] 0 Items written to MySQL
[2023-04-11 17:19:40] 0 Items written to MySQL
[2023-04-11 17:20:27] 0 Items written to MySQL
[2023-04-11 17:21:37] 0 Items written to MySQL
[2023-04-11 17:24:06] 0 Items written to MySQL
[2023-04-11 17:24:51] 0 Items written to MySQL
[2023-04-11 17:26:15] 0 Items written to MySQL
[2023-04-11 17:29:07] 1 Items written to MySQL
  中国智能制造网-政策法规: 1 Items from written to MySQL
[2023-04-11 17:31:44] 7 Items written to MySQL
  中国通信工业协会-热点新闻: 2 Items from written to MySQL
  中国通信工业协会-业界资讯: 5 Items from written to MySQL
[2023-04-11 17:36:43] 5 Items written to MySQL
  中国通信工业协会-业界资讯: 5 Items from written to MySQL
[2023-04-12 10:14:09] 0 Items written to MySQL
[2023-04-12 10:16:07] 0 Items written to MySQL
[2023-04-12 10:21:05] 0 Items written to MySQL
[2023-04-12 10:23:45] 0 Items written to MySQL
[2023-04-12 10:33:49] 0 Items written to MySQL
[2023-04-12 10:36:30] 0 Items written to MySQL
[2023-04-12 10:38:27] 0 Items written to MySQL
[2023-04-12 10:39:57] 0 Items written to MySQL
[2023-04-12 10:47:23] 0 Items written to MySQL
[2023-04-12 10:48:11] 0 Items written to MySQL
[2023-04-12 10:49:17] 0 Items written to MySQL
[2023-04-12 10:54:59] 0 Items written to MySQL
[2023-04-12 10:55:32] 0 Items written to MySQL
[2023-04-12 10:56:15] 0 Items written to MySQL
[2023-04-12 11:01:19] 0 Items written to MySQL
[2023-04-12 11:03:55] 0 Items written to MySQL
[2023-04-12 11:10:34] 222 Items written to MySQL
  C114通信网-云计算: 23 Items from written to MySQL
  C114通信网-物联网: 13 Items from written to MySQL
  C114通信网-安防: 38 Items from written to MySQL
  C114通信网-人工智能: 148 Items from written to MySQL
[2023-04-12 11:35:15] 0 Items written to MySQL
[2023-04-12 11:35:59] 0 Items written to MySQL
[2023-04-12 11:39:02] 0 Items written to MySQL
[2023-04-12 11:44:43] 0 Items written to MySQL
[2023-04-12 11:45:17] 0 Items written to MySQL
[2023-04-12 11:47:58] 0 Items written to MySQL
[2023-04-12 11:49:10] 0 Items written to MySQL
[2023-04-12 11:50:36] 0 Items written to MySQL
[2023-04-12 12:38:06] 621 Items written to MySQL
  51CTO-大数据: 42 Items from written to MySQL
  51CTO-人工智能: 450 Items from written to MySQL
  51CTO-物联网: 111 Items from written to MySQL
  51CTO-区块链: 18 Items from written to MySQL
[2023-04-12 12:54:36] 0 Items written to MySQL
[2023-04-12 12:56:20] 0 Items written to MySQL
[2023-04-12 12:59:36] 0 Items written to MySQL
[2023-04-12 13:02:12] 0 Items written to MySQL
[2023-04-12 13:04:12] 0 Items written to MySQL
[2023-04-12 13:06:02] 0 Items written to MySQL
[2023-04-12 13:08:42] 24 Items written to MySQL
  中国互联网协会: 24 Items from written to MySQL
[2023-04-12 13:17:30] 0 Items written to MySQL
[2023-04-12 13:18:45] 0 Items written to MySQL
[2023-04-12 13:21:39] 0 Items written to MySQL
[2023-04-12 13:22:56] 0 Items written to MySQL
[2023-04-12 13:23:49] 0 Items written to MySQL
[2023-04-12 13:25:02] 0 Items written to MySQL
[2023-04-12 13:35:13] 0 Items written to MySQL
[2023-04-12 13:36:29] 0 Items written to MySQL
[2023-04-12 13:39:19] 0 Items written to MySQL
[2023-04-12 13:41:29] 0 Items written to MySQL
[2023-04-12 13:42:33] 0 Items written to MySQL
[2023-04-12 13:44:03] 0 Items written to MySQL
[2023-04-12 13:52:45] 247 Items written to MySQL
  国脉电子政务网: 247 Items from written to MySQL
[2023-04-12 14:18:36] 0 Items written to MySQL
[2023-04-12 14:27:15] 0 Items written to MySQL
[2023-04-12 14:31:53] 0 Items written to MySQL
[2023-04-12 14:34:45] 0 Items written to MySQL
[2023-04-12 14:39:19] 0 Items written to MySQL
[2023-04-12 14:39:59] 0 Items written to MySQL
[2023-04-12 14:41:29] 0 Items written to MySQL
[2023-04-12 14:42:52] 60 Items written to MySQL
  中国通信企业协会: 60 Items from written to MySQL
[2023-04-12 14:50:50] 0 Items written to MySQL
[2023-04-12 14:51:13] 0 Items written to MySQL
[2023-04-12 15:32:48] 0 Items written to MySQL
[2023-04-12 15:33:27] 0 Items written to MySQL
[2023-04-12 15:35:40] 0 Items written to MySQL
[2023-04-12 15:37:40] 0 Items written to MySQL
[2023-04-12 15:38:12] 0 Items written to MySQL
[2023-04-12 15:39:16] 0 Items written to MySQL
[2023-04-12 15:41:22] 0 Items written to MySQL
[2023-04-12 15:42:43] 0 Items written to MySQL
[2023-04-12 15:44:31] 60 Items written to MySQL
  中国信息化: 60 Items from written to MySQL
[2023-04-12 15:51:41] 0 Items written to MySQL
[2023-04-12 15:54:38] 0 Items written to MySQL
[2023-04-12 15:55:29] 0 Items written to MySQL
[2023-04-12 15:58:56] 0 Items written to MySQL
[2023-04-12 16:00:42] 75 Items written to MySQL
  中国工信产业网: 75 Items from written to MySQL
[2023-04-12 16:05:27] 0 Items written to MySQL
[2023-04-12 16:07:15] 0 Items written to MySQL
[2023-04-12 16:09:25] 93 Items written to MySQL
  中国工信产业网: 93 Items from written to MySQL
[2023-04-12 16:19:12] 0 Items written to MySQL
[2023-04-12 16:20:10] 0 Items written to MySQL
[2023-04-12 16:21:00] 0 Items written to MySQL
[2023-04-12 16:22:16] 0 Items written to MySQL
[2023-04-12 16:23:03] 0 Items written to MySQL
[2023-04-12 16:28:24] 5 Items written to MySQL
  国家信息中心-数字治理创新: 2 Items from written to MySQL
  国家信息中心-数字经济发展: 1 Items from written to MySQL
  国家信息中心-数字社会应用: 2 Items from written to MySQL
[2023-04-12 16:33:41] 0 Items written to MySQL
[2023-04-18 15:07:37] 0 Items written to MySQL
[2023-04-18 15:08:09] 0 Items written to MySQL
[2023-04-18 15:14:13] 0 Items written to MySQL
[2023-04-18 15:14:33] 34 Items written to MySQL
  上海市经济和信息化委员会新闻发布: 33 Items from written to MySQL
  上海市经济和信息化委员会产业动态: 1 Items from written to MySQL
[2023-04-18 15:26:04] 0 Items written to MySQL
[2023-04-18 15:26:40] 0 Items written to MySQL
[2023-04-18 15:27:09] 4 Items written to MySQL
  北京市经济与信息化局: 4 Items from written to MySQL
[2023-04-18 16:04:34] 0 Items written to MySQL
[2023-04-18 16:05:03] 7 Items written to MySQL
  北京市发改委: 7 Items from written to MySQL
[2023-04-18 16:23:07] 0 Items written to MySQL
[2023-04-18 16:29:31] 0 Items written to MySQL
[2023-04-18 16:37:39] 0 Items written to MySQL
[2023-04-18 16:39:57] 0 Items written to MySQL
[2023-04-18 16:44:23] 0 Items written to MySQL
[2023-04-18 16:45:18] 0 Items written to MySQL
[2023-04-18 16:45:49] 0 Items written to MySQL
[2023-04-18 16:47:00] 0 Items written to MySQL
[2023-04-18 16:48:12] 0 Items written to MySQL
[2023-04-18 16:49:23] 0 Items written to MySQL
[2023-04-18 16:50:34] 0 Items written to MySQL
[2023-04-18 16:51:01] 0 Items written to MySQL
[2023-04-18 16:51:26] 0 Items written to MySQL
[2023-04-18 16:57:56] 0 Items written to MySQL
[2023-04-18 16:58:53] 0 Items written to MySQL
[2023-04-18 17:01:11] 0 Items written to MySQL
[2023-04-18 17:03:04] 0 Items written to MySQL
[2023-04-18 17:03:42] 0 Items written to MySQL
[2023-04-18 17:08:05] 0 Items written to MySQL
[2023-04-18 17:08:42] 0 Items written to MySQL
[2023-04-18 17:11:10] 0 Items written to MySQL
[2023-04-18 17:13:40] 0 Items written to MySQL
[2023-04-18 17:16:29] 0 Items written to MySQL
[2023-04-18 17:17:30] 35 Items written to MySQL
  深圳市工信局-通知公告: 35 Items from written to MySQL
[2023-04-18 17:21:38] 0 Items written to MySQL
[2023-04-18 17:22:17] 0 Items written to MySQL
[2023-04-18 17:23:03] 2 Items written to MySQL
  深圳市科技创新委员会: 2 Items from written to MySQL
[2023-04-18 17:24:25] 0 Items written to MySQL
[2023-04-18 17:30:34] 0 Items written to MySQL
[2023-04-18 17:30:44] 0 Items written to MySQL
[2023-04-18 17:32:23] 0 Items written to MySQL
[2023-04-18 17:36:56] 0 Items written to MySQL
[2023-04-18 17:40:16] 0 Items written to MySQL
[2023-04-18 17:42:15] 0 Items written to MySQL
[2023-04-18 17:42:47] 0 Items written to MySQL
[2023-04-18 17:45:16] 0 Items written to MySQL
[2023-04-18 17:48:03] 0 Items written to MySQL
[2023-04-18 17:50:55] 0 Items written to MySQL
[2023-04-18 17:52:29] 0 Items written to MySQL
[2023-04-19 09:26:44] 0 Items written to MySQL
[2023-04-19 09:35:14] 0 Items written to MySQL
[2023-04-19 09:39:36] 7 Items written to MySQL
  重庆市大数据应用发展管理局-新闻报道: 4 Items from written to MySQL
  重庆市大数据应用发展管理局-市局动态: 3 Items from written to MySQL
[2023-04-19 09:43:11] 6 Items written to MySQL
  重庆市大数据应用发展管理局-区县动态: 5 Items from written to MySQL
  重庆市大数据应用发展管理局-市局动态: 1 Items from written to MySQL
[2023-04-19 09:45:37] 1 Items written to MySQL
  重庆市大数据应用发展管理局-市局动态: 1 Items from written to MySQL
[2023-04-19 09:56:34] 0 Items written to MySQL
[2023-04-19 09:58:39] 0 Items written to MySQL
[2023-04-19 10:01:49] 0 Items written to MySQL
[2023-04-19 10:02:21] 5 Items written to MySQL
  重庆市科技局: 5 Items from written to MySQL
[2023-04-19 10:09:28] 0 Items written to MySQL
[2023-04-19 10:10:18] 15 Items written to MySQL
  重庆市经济和信息化委员会: 15 Items from written to MySQL
[2023-04-19 10:21:05] 0 Items written to MySQL
[2023-04-19 10:22:23] 0 Items written to MySQL
[2023-04-19 10:23:10] 23 Items written to MySQL
  广州市科学技术局: 23 Items from written to MySQL
[2023-04-19 10:31:07] 0 Items written to MySQL
[2023-04-19 10:32:25] 0 Items written to MySQL
[2023-04-19 10:35:28] 0 Items written to MySQL
[2023-04-19 10:35:51] 0 Items written to MySQL
[2023-04-19 10:37:38] 0 Items written to MySQL
[2023-04-19 10:38:06] 0 Items written to MySQL
[2023-04-19 10:38:40] 0 Items written to MySQL
[2023-04-19 10:42:05] 0 Items written to MySQL
[2023-04-19 10:43:48] 0 Items written to MySQL
[2023-04-19 10:44:36] 0 Items written to MySQL
[2023-04-19 10:48:48] 0 Items written to MySQL
[2023-04-19 10:52:17] 0 Items written to MySQL
[2023-04-19 11:00:29] 0 Items written to MySQL
[2023-04-19 11:01:08] 0 Items written to MySQL
[2023-04-19 11:02:07] 0 Items written to MySQL
[2023-04-19 11:05:40] 0 Items written to MySQL
[2023-04-19 11:07:12] 0 Items written to MySQL
[2023-04-19 11:07:45] 0 Items written to MySQL
[2023-04-19 11:17:01] 0 Items written to MySQL
[2023-04-19 11:29:06] 0 Items written to MySQL
[2023-04-19 11:35:25] 0 Items written to MySQL
[2023-04-19 11:36:31] 0 Items written to MySQL
[2023-04-19 11:38:42] 0 Items written to MySQL
[2023-04-19 11:40:13] 0 Items written to MySQL
[2023-04-19 11:45:19] 0 Items written to MySQL
[2023-04-19 11:46:29] 0 Items written to MySQL
[2023-04-19 11:47:59] 0 Items written to MySQL
[2023-04-19 11:50:15] 0 Items written to MySQL
[2023-04-19 13:40:52] 0 Items written to MySQL
[2023-04-19 13:42:23] 2 Items written to MySQL
  杭州市科学技术局-通知公告: 2 Items from written to MySQL
[2023-04-19 13:46:52] 2 Items written to MySQL
  杭州市科学技术局-通知公告: 2 Items from written to MySQL
[2023-04-19 14:32:59] 0 Items written to MySQL
[2023-04-19 14:33:46] 0 Items written to MySQL
[2023-04-19 14:40:30] 0 Items written to MySQL
[2023-04-19 14:40:48] 0 Items written to MySQL
[2023-04-19 14:43:24] 0 Items written to MySQL
[2023-04-19 14:46:23] 0 Items written to MySQL
[2023-04-19 14:47:22] 0 Items written to MySQL
[2023-04-19 14:58:17] 0 Items written to MySQL
[2023-04-19 15:00:52] 0 Items written to MySQL
[2023-04-19 15:01:38] 0 Items written to MySQL
[2023-04-19 15:05:54] 0 Items written to MySQL
[2023-04-19 15:06:33] 0 Items written to MySQL
[2023-04-19 15:08:29] 0 Items written to MySQL
[2023-04-19 15:10:11] 37 Items written to MySQL
  苏州市工信局-苏州工信动态: 6 Items from written to MySQL
  苏州市工信局-公告栏: 12 Items from written to MySQL
  苏州市工信局-工作动态: 19 Items from written to MySQL
[2023-04-19 15:13:28] 9 Items written to MySQL
  杭州市科学技术局-创新动态: 9 Items from written to MySQL
[2023-04-19 15:20:20] 0 Items written to MySQL
[2023-04-19 15:21:43] 29 Items written to MySQL
  苏州市科学技术局-市县动态: 25 Items from written to MySQL
  苏州市科学技术局-苏州科技: 4 Items from written to MySQL
[2023-04-19 15:36:04] 2 Items written to MySQL
  重庆市科技局: 2 Items from written to MySQL
[2023-04-19 15:38:52] 0 Items written to MySQL
[2023-04-19 15:41:18] 0 Items written to MySQL
[2023-04-19 15:42:47] 0 Items written to MySQL
[2023-04-19 15:43:37] 0 Items written to MySQL
[2023-04-19 15:44:21] 15 Items written to MySQL
  重庆市科技局: 15 Items from written to MySQL
[2023-04-19 15:46:07] 27 Items written to MySQL
  武汉市经济和信息化局: 27 Items from written to MySQL
[2023-04-19 15:52:40] 0 Items written to MySQL
[2023-04-19 15:54:37] 2 Items written to MySQL
  南京市科技局: 2 Items from written to MySQL
[2023-04-19 17:33:33] 0 Items written to MySQL
[2023-04-19 17:34:25] 0 Items written to MySQL
[2023-04-19 17:35:31] 0 Items written to MySQL
[2023-04-19 17:51:13] 0 Items written to MySQL
[2023-04-19 17:54:22] 0 Items written to MySQL
[2023-04-19 17:58:27] 0 Items written to MySQL
[2023-04-19 23:48:31] 0 Items written to MySQL
[2023-04-19 23:49:45] 0 Items written to MySQL
[2023-04-19 23:52:55] 0 Items written to MySQL
[2023-04-19 23:55:26] 0 Items written to MySQL
[2023-04-19 23:55:54] 13 Items written to MySQL
  长沙市科学技术局-市局动态: 13 Items from written to MySQL
[2023-04-19 23:57:07] 11 Items written to MySQL
  长沙市科学技术局-科技局通知公告: 7 Items from written to MySQL
  长沙市科学技术局-园区动态: 4 Items from written to MySQL
